<?xml version="1.0" encoding="UTF-8"?>
<testng-results skipped="0" failed="0" total="6" passed="6">
  <reporter-output>
  </reporter-output>
  <suite name="BW-Scs Test Suite" duration-ms="1878" started-at="2012-10-15T00:58:59Z" finished-at="2012-10-15T00:59:01Z">
    <groups>
      <group name="Scs_integration_test">
        <method signature="integration.beowulf.scs.categorizers.MetaCategorizerTest.testInitCategorizers()" name="testInitCategorizers" class="integration.beowulf.scs.categorizers.MetaCategorizerTest"/>
        <method signature="integration.beowulf.scs.categorizers.MetaCategorizerTest.testInitTransactionCategorizers()" name="testInitTransactionCategorizers" class="integration.beowulf.scs.categorizers.MetaCategorizerTest"/>
        <method signature="integration.beowulf.scs.categorizers.dao.DirectoryCategorizerDAOTest.testDirectoryCategorizerDocumentOperations()" name="testDirectoryCategorizerDocumentOperations" class="integration.beowulf.scs.categorizers.dao.DirectoryCategorizerDAOTest"/>
        <method signature="integration.beowulf.scs.categorizers.dao.DirectoryCategorizerDAOTest.testDirectoryCategorizerDocumentWithIgnoredFields()" name="testDirectoryCategorizerDocumentWithIgnoredFields" class="integration.beowulf.scs.categorizers.dao.DirectoryCategorizerDAOTest"/>
        <method signature="integration.beowulf.scs.categorizers.dao.DirectoryCategorizerDAOTest.testDirectoryCategorizerDocumentWithIgnoredFieldsAndAddItems()" name="testDirectoryCategorizerDocumentWithIgnoredFieldsAndAddItems" class="integration.beowulf.scs.categorizers.dao.DirectoryCategorizerDAOTest"/>
        <method signature="integration.beowulf.scs.categorizers.impl.DirectoryCategorizerTest.testGetTokens()" name="testGetTokens" class="integration.beowulf.scs.categorizers.impl.DirectoryCategorizerTest"/>
      </group>
    </groups>
    <test name="BW-Scs Integration Tests" duration-ms="1866" started-at="2012-10-15T00:58:59Z" finished-at="2012-10-15T00:59:01Z">
      <class name="integration.beowulf.scs.categorizers.impl.DirectoryCategorizerTest">
        <test-method status="PASS" signature="initialize()" name="initialize" is-config="true" duration-ms="1" started-at="2012-10-15T00:59:01Z" finished-at="2012-10-15T00:59:01Z">
        </test-method>
        <test-method status="PASS" signature="testGetTokens()" name="testGetTokens" duration-ms="328" started-at="2012-10-15T00:59:01Z" finished-at="2012-10-15T00:59:01Z">
        </test-method>
        <test-method status="PASS" signature="cleanup()" name="cleanup" is-config="true" duration-ms="172" started-at="2012-10-15T00:59:01Z" finished-at="2012-10-15T00:59:01Z">
        </test-method>
      </class>
      <class name="integration.beowulf.scs.categorizers.MetaCategorizerTest">
        <test-method status="PASS" signature="testInitCategorizers()" name="testInitCategorizers" duration-ms="80" started-at="2012-10-15T00:59:00Z" finished-at="2012-10-15T00:59:00Z">
        </test-method>
        <test-method status="PASS" signature="testInitTransactionCategorizers()" name="testInitTransactionCategorizers" duration-ms="30" started-at="2012-10-15T00:59:00Z" finished-at="2012-10-15T00:59:00Z">
        </test-method>
      </class>
      <class name="integration.beowulf.scs.HttpCategorizerTransactionTestServerLauncher">
        <test-method status="PASS" signature="startServer()" name="startServer" is-config="true" duration-ms="54" started-at="2012-10-15T00:58:59Z" finished-at="2012-10-15T00:58:59Z">
        </test-method>
        <test-method status="PASS" signature="startServer()" name="startServer" is-config="true" duration-ms="732" started-at="2012-10-15T00:58:59Z" finished-at="2012-10-15T00:59:00Z">
        </test-method>
        <test-method status="PASS" signature="stopServer()" name="stopServer" is-config="true" duration-ms="2" started-at="2012-10-15T00:59:01Z" finished-at="2012-10-15T00:59:01Z">
        </test-method>
        <test-method status="PASS" signature="stopServer()" name="stopServer" is-config="true" duration-ms="87" started-at="2012-10-15T00:59:01Z" finished-at="2012-10-15T00:59:01Z">
        </test-method>
      </class>
      <class name="integration.beowulf.scs.categorizers.dao.DirectoryCategorizerDAOTest">
        <test-method status="PASS" signature="initialize()" name="initialize" is-config="true" duration-ms="1" started-at="2012-10-15T00:59:00Z" finished-at="2012-10-15T00:59:00Z">
        </test-method>
        <test-method status="PASS" signature="testDirectoryCategorizerDocumentOperations()" name="testDirectoryCategorizerDocumentOperations" duration-ms="74" started-at="2012-10-15T00:59:00Z" finished-at="2012-10-15T00:59:00Z">
        </test-method>
        <test-method status="PASS" signature="testDirectoryCategorizerDocumentWithIgnoredFields()" name="testDirectoryCategorizerDocumentWithIgnoredFields" duration-ms="3" started-at="2012-10-15T00:59:00Z" finished-at="2012-10-15T00:59:00Z">
        </test-method>
        <test-method status="PASS" signature="testDirectoryCategorizerDocumentWithIgnoredFieldsAndAddItems()" name="testDirectoryCategorizerDocumentWithIgnoredFieldsAndAddItems" duration-ms="110" started-at="2012-10-15T00:59:00Z" finished-at="2012-10-15T00:59:00Z">
        </test-method>
        <test-method status="PASS" signature="cleanup()" name="cleanup" is-config="true" duration-ms="187" started-at="2012-10-15T00:59:00Z" finished-at="2012-10-15T00:59:01Z">
        </test-method>
      </class>
    </test>
    <test name="BW-Scs Unit Tests" duration-ms="2" started-at="2012-10-15T00:58:59Z" finished-at="2012-10-15T00:58:59Z">
    </test>
  </suite>
</testng-results>
